#! /usr/bin/vvp
:ivl_version "0.9.7 " "(v0_9_7)";
:vpi_time_precision + 0;
:vpi_module "system";
:vpi_module "v2005_math";
:vpi_module "va_math";
S_0x1502b90 .scope module, "tb" "tb" 2 3;
 .timescale 0 0;
v0x15538e0_0 .var "reset", 0 0;
S_0x15038b0 .scope module, "SAP0" "SAP" 2 7, 3 13, S_0x1502b90;
 .timescale 0 0;
v0x15527c0_0 .net "Address", 3 0, v0x1550530_0; 1 drivers
v0x1552840_0 .net "Avalue", 7 0, L_0x1551bb0; 1 drivers
v0x1552910_0 .net "Bvalue", 7 0, v0x1551070_0; 1 drivers
v0x15529e0_0 .net "Ce", 0 0, v0x154e2e0_0; 1 drivers
v0x1552ab0_0 .net "Cp", 0 0, v0x154e3a0_0; 1 drivers
v0x1552b80_0 .net "Ea", 0 0, v0x154e440_0; 1 drivers
v0x1552c50_0 .net "Ei", 0 0, v0x154e4e0_0; 1 drivers
v0x1552d20_0 .net "Ep", 0 0, v0x154e590_0; 1 drivers
v0x1552e40_0 .net "Eu", 0 0, v0x154e630_0; 1 drivers
v0x1552f10_0 .net "La", 0 0, v0x154e710_0; 1 drivers
v0x1552f90_0 .net "Lb", 0 0, v0x154e7b0_0; 1 drivers
v0x1553060_0 .net "Li", 0 0, v0x154e8a0_0; 1 drivers
v0x1553130_0 .net "Lm", 0 0, v0x154e940_0; 1 drivers
v0x1553200_0 .net "Lo", 0 0, v0x154ea40_0; 1 drivers
v0x1553350_0 .net "Ovalue", 7 0, v0x1550260_0; 1 drivers
v0x1553420_0 .net "Su", 0 0, v0x154eae0_0; 1 drivers
RS_0x7f6f971b8828/0/0 .resolv tri, L_0x1553960, L_0x1554550, L_0x1554910, L_0x1554b40;
RS_0x7f6f971b8828/0/4 .resolv tri, L_0x1554c30, C4<zzzzzzzz>, C4<zzzzzzzz>, C4<zzzzzzzz>;
RS_0x7f6f971b8828 .resolv tri, RS_0x7f6f971b8828/0/0, RS_0x7f6f971b8828/0/4, C4<zzzzzzzz>, C4<zzzzzzzz>;
v0x1553280_0 .net8 "Wbus", 7 0, RS_0x7f6f971b8828; 5 drivers
v0x1553580_0 .net "clk", 0 0, v0x150f920_0; 1 drivers
v0x15534a0_0 .net "clr", 0 0, v0x154f020_0; 1 drivers
v0x1550790_0 .net "opCode", 3 0, L_0x1554820; 1 drivers
v0x1553860_0 .net "reset", 0 0, v0x15538e0_0; 1 drivers
L_0x1554910 .part/pv L_0x1554730, 0, 4, 8;
L_0x1554a00 .part RS_0x7f6f971b8828, 0, 4;
L_0x1554b40 .part/pv L_0x1554aa0, 0, 4, 8;
S_0x1552240 .scope module, "A0" "Accumulator" 3 29, 4 1, S_0x15038b0;
 .timescale 0 0;
L_0x1551bb0 .functor BUFZ 8, v0x15525c0_0, C4<00000000>, C4<00000000>, C4<00000000>;
v0x1552330_0 .alias "Avalue", 7 0, v0x1552840_0;
v0x15523b0_0 .alias "Ea", 0 0, v0x1552b80_0;
v0x1552460_0 .alias "La", 0 0, v0x1552f10_0;
v0x1552510_0 .net *"_s0", 7 0, C4<zzzzzzzz>; 0 drivers
v0x15525c0_0 .var "accumulator", 7 0;
v0x1552640_0 .alias "busIn", 7 0, v0x1553280_0;
v0x15526c0_0 .alias "busOut", 7 0, v0x1553280_0;
v0x1552740_0 .alias "clk", 0 0, v0x1553580_0;
L_0x1553960 .functor MUXZ 8, C4<zzzzzzzz>, v0x15525c0_0, v0x154e440_0, C4<>;
S_0x1551480 .scope module, "ALU0" "AdderSubractor" 3 38, 5 1, S_0x15038b0;
 .timescale 0 0;
v0x1551570_0 .alias "Ain", 7 0, v0x1552840_0;
v0x1551610_0 .alias "Bin", 7 0, v0x1552910_0;
v0x15516c0_0 .alias "Eu", 0 0, v0x1552e40_0;
v0x1551770_0 .alias "Output", 7 0, v0x1553280_0;
v0x15518b0_0 .net "Result", 8 0, L_0x15542d0; 1 drivers
v0x1551930_0 .alias "Su", 0 0, v0x1553420_0;
v0x15519b0_0 .net *"_s0", 8 0, L_0x1553b10; 1 drivers
v0x1551a30_0 .net *"_s10", 8 0, L_0x1553eb0; 1 drivers
v0x1551ab0_0 .net *"_s13", 0 0, C4<0>; 1 drivers
v0x1551b30_0 .net *"_s14", 8 0, L_0x1553fe0; 1 drivers
v0x1551c30_0 .net *"_s17", 0 0, C4<0>; 1 drivers
v0x1551cd0_0 .net *"_s18", 8 0, L_0x1554150; 1 drivers
v0x1551d70_0 .net *"_s23", 7 0, L_0x1554410; 1 drivers
v0x1551e10_0 .net *"_s24", 7 0, C4<zzzzzzzz>; 0 drivers
v0x1551f30_0 .net *"_s3", 0 0, C4<0>; 1 drivers
v0x1551fd0_0 .net *"_s4", 8 0, L_0x1553c40; 1 drivers
v0x1551e90_0 .net *"_s7", 0 0, C4<0>; 1 drivers
v0x1552120_0 .net *"_s8", 8 0, L_0x1553d70; 1 drivers
L_0x1553b10 .concat [ 8 1 0 0], L_0x1551bb0, C4<0>;
L_0x1553c40 .concat [ 8 1 0 0], v0x1551070_0, C4<0>;
L_0x1553d70 .arith/sub 9, L_0x1553b10, L_0x1553c40;
L_0x1553eb0 .concat [ 8 1 0 0], L_0x1551bb0, C4<0>;
L_0x1553fe0 .concat [ 8 1 0 0], v0x1551070_0, C4<0>;
L_0x1554150 .arith/sum 9, L_0x1553eb0, L_0x1553fe0;
L_0x15542d0 .functor MUXZ 9, L_0x1554150, L_0x1553d70, v0x154eae0_0, C4<>;
L_0x1554410 .part L_0x15542d0, 0, 8;
L_0x1554550 .functor MUXZ 8, C4<zzzzzzzz>, L_0x1554410, v0x154e630_0, C4<>;
S_0x1551290 .scope module, "DISP0" "BinaryDisplay" 3 46, 6 1, S_0x15038b0;
 .timescale 0 0;
v0x15513b0_0 .alias "Ovalue", 7 0, v0x1553350_0;
E_0x1551380 .event edge, v0x1550260_0;
S_0x1550f80 .scope module, "B0" "Bregister" 3 50, 7 1, S_0x15038b0;
 .timescale 0 0;
v0x1551070_0 .var "Bvalue", 7 0;
v0x1551110_0 .alias "Lb", 0 0, v0x1552f90_0;
v0x1551190_0 .alias "busIn", 7 0, v0x1553280_0;
v0x1551210_0 .alias "clk", 0 0, v0x1553580_0;
S_0x1550820 .scope module, "IR0" "InstructionRegister" 3 57, 8 1, S_0x15038b0;
 .timescale 0 0;
v0x1550910_0 .var "CurrentInstructionValue", 7 0;
v0x1550990_0 .alias "Ei", 0 0, v0x1552c50_0;
v0x1550a40_0 .alias "Li", 0 0, v0x1553060_0;
v0x1550af0_0 .net *"_s0", 7 0, C4<0000zzzz>; 1 drivers
v0x1550ba0_0 .net *"_s2", 7 0, L_0x1554640; 1 drivers
v0x1550c20_0 .alias "busIn", 7 0, v0x1553280_0;
v0x1550ce0_0 .net "busOut", 3 0, L_0x1554730; 1 drivers
v0x1550d60_0 .alias "clk", 0 0, v0x1553580_0;
v0x1550e30_0 .alias "clr", 0 0, v0x15534a0_0;
v0x1550f00_0 .alias "opCode", 3 0, v0x1550790_0;
L_0x1554640 .functor MUXZ 8, C4<0000zzzz>, v0x1550910_0, v0x154e4e0_0, C4<>;
L_0x1554730 .part L_0x1554640, 0, 4;
L_0x1554820 .part v0x1550910_0, 4, 4;
S_0x1550440 .scope module, "MAR0" "MemoryAddressRegister" 3 67, 9 1, S_0x15038b0;
 .timescale 0 0;
v0x1550530_0 .var "Address", 3 0;
v0x15505e0_0 .alias "Lm", 0 0, v0x1553130_0;
v0x1550660_0 .net "busIn", 3 0, L_0x1554a00; 1 drivers
v0x15506e0_0 .alias "clk", 0 0, v0x1553580_0;
S_0x15500f0 .scope module, "O_R0" "OutputRegister" 3 74, 10 1, S_0x15038b0;
 .timescale 0 0;
v0x15501e0_0 .alias "Lo", 0 0, v0x1553200_0;
v0x1550260_0 .var "Ovalue", 7 0;
v0x15502e0_0 .alias "busIn", 7 0, v0x1553280_0;
v0x1550390_0 .alias "clk", 0 0, v0x1553580_0;
S_0x154fb50 .scope module, "PC0" "ProgramCounter" 3 81, 11 1, S_0x15038b0;
 .timescale 0 0;
v0x154fc80_0 .alias "Cp", 0 0, v0x1552ab0_0;
v0x154fd50_0 .var "CurrentCounterValue", 3 0;
v0x154fdd0_0 .alias "Ep", 0 0, v0x1552d20_0;
v0x154fe80_0 .net *"_s0", 3 0, C4<zzzz>; 0 drivers
v0x154ff30_0 .net "busOut", 3 0, L_0x1554aa0; 1 drivers
v0x154ffb0_0 .alias "clk", 0 0, v0x1553580_0;
v0x1550070_0 .alias "clr", 0 0, v0x15534a0_0;
E_0x154f6d0 .event posedge, v0x150f920_0;
L_0x1554aa0 .functor MUXZ 4, C4<zzzz>, v0x154fd50_0, v0x154e590_0, C4<>;
S_0x154f3b0 .scope module, "RAM0" "Ram" 3 89, 12 1, S_0x15038b0;
 .timescale 0 0;
L_0x1554d70 .functor BUFZ 8, L_0x1554cd0, C4<00000000>, C4<00000000>, C4<00000000>;
v0x154f4a0_0 .alias "Address", 3 0, v0x15527c0_0;
v0x154f520_0 .alias "Ce", 0 0, v0x15529e0_0;
v0x154f5d0_0 .net "Data", 7 0, L_0x1554d70; 1 drivers
v0x154f650 .array "Mem", 15 0;
v0x154f650_0 .net v0x154f650 0, 7 0, C4<zzzzzzzz>; 0 drivers
v0x154f650_1 .net v0x154f650 1, 7 0, C4<zzzzzzzz>; 0 drivers
v0x154f650_2 .net v0x154f650 2, 7 0, C4<zzzzzzzz>; 0 drivers
v0x154f650_3 .net v0x154f650 3, 7 0, C4<zzzzzzzz>; 0 drivers
v0x154f650_4 .net v0x154f650 4, 7 0, C4<zzzzzzzz>; 0 drivers
v0x154f650_5 .net v0x154f650 5, 7 0, C4<zzzzzzzz>; 0 drivers
v0x154f650_6 .net v0x154f650 6, 7 0, C4<zzzzzzzz>; 0 drivers
v0x154f650_7 .net v0x154f650 7, 7 0, C4<zzzzzzzz>; 0 drivers
v0x154f650_8 .net v0x154f650 8, 7 0, C4<zzzzzzzz>; 0 drivers
v0x154f650_9 .net v0x154f650 9, 7 0, C4<zzzzzzzz>; 0 drivers
v0x154f650_10 .net v0x154f650 10, 7 0, C4<zzzzzzzz>; 0 drivers
v0x154f650_11 .net v0x154f650 11, 7 0, C4<zzzzzzzz>; 0 drivers
v0x154f650_12 .net v0x154f650 12, 7 0, C4<zzzzzzzz>; 0 drivers
v0x154f650_13 .net v0x154f650 13, 7 0, C4<zzzzzzzz>; 0 drivers
v0x154f650_14 .net v0x154f650 14, 7 0, C4<zzzzzzzz>; 0 drivers
v0x154f650_15 .net v0x154f650 15, 7 0, C4<zzzzzzzz>; 0 drivers
v0x154f970_0 .net *"_s0", 7 0, C4<zzzzzzzz>; 0 drivers
v0x154fa10_0 .net *"_s4", 7 0, L_0x1554cd0; 1 drivers
v0x154fab0_0 .alias "busOut", 7 0, v0x1553280_0;
L_0x1554c30 .functor MUXZ 8, C4<zzzzzzzz>, L_0x1554d70, v0x154e2e0_0, C4<>;
L_0x1554cd0 .array/port v0x154f650, v0x1550530_0;
S_0x14fd810 .scope module, "CONTROL0" "Controller" 3 99, 13 1, S_0x15038b0;
 .timescale 0 0;
v0x154e2e0_0 .var "Ce", 0 0;
v0x154e3a0_0 .var "Cp", 0 0;
v0x154e440_0 .var "Ea", 0 0;
v0x154e4e0_0 .var "Ei", 0 0;
v0x154e590_0 .var "Ep", 0 0;
v0x154e630_0 .var "Eu", 0 0;
v0x154e710_0 .var "La", 0 0;
v0x154e7b0_0 .var "Lb", 0 0;
v0x154e8a0_0 .var "Li", 0 0;
v0x154e940_0 .var "Lm", 0 0;
v0x154ea40_0 .var "Lo", 0 0;
v0x154eae0_0 .var "Su", 0 0;
v0x154ebf0_0 .var "T", 5 0;
v0x154ec90_0 .net "T1", 0 0, L_0x1554e70; 1 drivers
v0x154edb0_0 .net "T2", 0 0, L_0x1554f10; 1 drivers
v0x154ee50_0 .net "T3", 0 0, L_0x1555000; 1 drivers
v0x154ed10_0 .net "T4", 0 0, L_0x15550a0; 1 drivers
v0x154efa0_0 .net "T5", 0 0, L_0x15551d0; 1 drivers
v0x154f0c0_0 .net "T6", 0 0, L_0x1555270; 1 drivers
v0x154f140_0 .alias "clk", 0 0, v0x1553580_0;
v0x154f020_0 .var "clr", 0 0;
v0x154f270_0 .alias "opCode", 3 0, v0x1550790_0;
v0x154f1c0_0 .alias "reset", 0 0, v0x1553860_0;
E_0x1500a20 .event edge, v0x154f0c0_0, v0x154efa0_0, v0x154ed10_0;
E_0x1503020 .event edge, v0x154ee50_0;
E_0x1503a50 .event edge, v0x154edb0_0;
E_0x15016f0 .event edge, v0x154ec90_0;
E_0x14fd680 .event negedge, v0x150f920_0;
L_0x1554e70 .part v0x154ebf0_0, 0, 1;
L_0x1554f10 .part v0x154ebf0_0, 1, 1;
L_0x1555000 .part v0x154ebf0_0, 2, 1;
L_0x15550a0 .part v0x154ebf0_0, 3, 1;
L_0x15551d0 .part v0x154ebf0_0, 4, 1;
L_0x1555270 .part v0x154ebf0_0, 5, 1;
S_0x1500820 .scope module, "clkgen0" "ClockGen" 13 55, 14 1, S_0x14fd810;
 .timescale 0 0;
v0x150f920_0 .var "clk", 0 0;
    .scope S_0x1552240;
T_0 ;
    %set/v v0x15525c0_0, 0, 8;
    %end;
    .thread T_0;
    .scope S_0x1552240;
T_1 ;
    %wait E_0x154f6d0;
    %load/v 8, v0x1552460_0, 1;
    %jmp/0xz  T_1.0, 8;
    %load/v 8, v0x1552640_0, 8;
    %set/v v0x15525c0_0, 8, 8;
    %jmp T_1.1;
T_1.0 ;
    %load/v 8, v0x15525c0_0, 8;
    %set/v v0x15525c0_0, 8, 8;
T_1.1 ;
    %jmp T_1;
    .thread T_1;
    .scope S_0x1551290;
T_2 ;
    %wait E_0x1551380;
    %vpi_call 6 8 "$display", "Output = %d", v0x15513b0_0;
    %jmp T_2;
    .thread T_2, $push;
    .scope S_0x1550f80;
T_3 ;
    %set/v v0x1551070_0, 0, 8;
    %end;
    .thread T_3;
    .scope S_0x1550f80;
T_4 ;
    %wait E_0x154f6d0;
    %load/v 8, v0x1551110_0, 1;
    %jmp/0xz  T_4.0, 8;
    %load/v 8, v0x1551190_0, 8;
    %set/v v0x1551070_0, 8, 8;
    %jmp T_4.1;
T_4.0 ;
    %load/v 8, v0x1551070_0, 8;
    %set/v v0x1551070_0, 8, 8;
T_4.1 ;
    %jmp T_4;
    .thread T_4;
    .scope S_0x1550820;
T_5 ;
    %set/v v0x1550910_0, 0, 8;
    %end;
    .thread T_5;
    .scope S_0x1550820;
T_6 ;
    %wait E_0x154f6d0;
    %load/v 8, v0x1550e30_0, 1;
    %jmp/0xz  T_6.0, 8;
    %set/v v0x1550910_0, 1, 8;
    %jmp T_6.1;
T_6.0 ;
    %load/v 8, v0x1550a40_0, 1;
    %jmp/0xz  T_6.2, 8;
    %load/v 8, v0x1550c20_0, 8;
    %set/v v0x1550910_0, 8, 8;
    %jmp T_6.3;
T_6.2 ;
    %load/v 8, v0x1550910_0, 8;
    %set/v v0x1550910_0, 8, 8;
T_6.3 ;
T_6.1 ;
    %jmp T_6;
    .thread T_6;
    .scope S_0x1550440;
T_7 ;
    %set/v v0x1550530_0, 0, 4;
    %end;
    .thread T_7;
    .scope S_0x1550440;
T_8 ;
    %wait E_0x154f6d0;
    %load/v 8, v0x15505e0_0, 1;
    %jmp/0xz  T_8.0, 8;
    %load/v 8, v0x1550660_0, 4;
    %set/v v0x1550530_0, 8, 4;
    %jmp T_8.1;
T_8.0 ;
    %load/v 8, v0x1550530_0, 4;
    %set/v v0x1550530_0, 8, 4;
T_8.1 ;
    %jmp T_8;
    .thread T_8;
    .scope S_0x15500f0;
T_9 ;
    %set/v v0x1550260_0, 0, 8;
    %end;
    .thread T_9;
    .scope S_0x15500f0;
T_10 ;
    %wait E_0x154f6d0;
    %load/v 8, v0x15501e0_0, 1;
    %jmp/0xz  T_10.0, 8;
    %load/v 8, v0x15502e0_0, 8;
    %set/v v0x1550260_0, 8, 8;
    %jmp T_10.1;
T_10.0 ;
    %load/v 8, v0x1550260_0, 8;
    %set/v v0x1550260_0, 8, 8;
T_10.1 ;
    %jmp T_10;
    .thread T_10;
    .scope S_0x154fb50;
T_11 ;
    %set/v v0x154fd50_0, 0, 4;
    %end;
    .thread T_11;
    .scope S_0x154fb50;
T_12 ;
    %wait E_0x154f6d0;
    %load/v 8, v0x1550070_0, 1;
    %jmp/0xz  T_12.0, 8;
    %set/v v0x154fd50_0, 0, 4;
    %jmp T_12.1;
T_12.0 ;
    %load/v 8, v0x154fc80_0, 1;
    %jmp/0xz  T_12.2, 8;
    %ix/load 0, 1, 0;
    %load/vp0 8, v0x154fd50_0, 4;
    %set/v v0x154fd50_0, 8, 4;
    %jmp T_12.3;
T_12.2 ;
    %load/v 8, v0x154fd50_0, 4;
    %set/v v0x154fd50_0, 8, 4;
T_12.3 ;
T_12.1 ;
    %jmp T_12;
    .thread T_12;
    .scope S_0x1500820;
T_13 ;
    %set/v v0x150f920_0, 0, 1;
T_13.0 ;
    %delay 50, 0;
    %load/v 8, v0x150f920_0, 1;
    %inv 8, 1;
    %set/v v0x150f920_0, 8, 1;
    %jmp T_13.0;
    %end;
    .thread T_13;
    .scope S_0x14fd810;
T_14 ;
    %movi 8, 1, 6;
    %set/v v0x154ebf0_0, 8, 6;
    %end;
    .thread T_14;
    .scope S_0x14fd810;
T_15 ;
    %wait E_0x14fd680;
    %set/v v0x154f020_0, 0, 1;
    %load/v 8, v0x154f1c0_0, 1;
    %jmp/0xz  T_15.0, 8;
    %movi 8, 1, 6;
    %set/v v0x154ebf0_0, 8, 6;
    %set/v v0x154f020_0, 1, 1;
    %jmp T_15.1;
T_15.0 ;
    %ix/load 1, 2, 0;
    %mov 4, 0, 1;
    %jmp/1 T_15.2, 4;
    %load/x1p 8, v0x154ebf0_0, 1;
    %jmp T_15.3;
T_15.2 ;
    %mov 8, 2, 1;
T_15.3 ;
; Save base=8 wid=1 in lookaside.
    %load/v 9, v0x154f270_0, 4;
    %cmpi/u 9, 15, 4;
    %mov 9, 4, 1;
    %and 8, 9, 1;
    %jmp/0xz  T_15.4, 8;
    %set/v v0x154ebf0_0, 0, 6;
    %jmp T_15.5;
T_15.4 ;
    %ix/load 1, 5, 0;
    %mov 4, 0, 1;
    %jmp/1 T_15.6, 4;
    %load/x1p 8, v0x154ebf0_0, 1;
    %jmp T_15.7;
T_15.6 ;
    %mov 8, 2, 1;
T_15.7 ;
; Save base=8 wid=1 in lookaside.
    %jmp/0xz  T_15.8, 8;
    %movi 8, 1, 6;
    %set/v v0x154ebf0_0, 8, 6;
    %jmp T_15.9;
T_15.8 ;
    %load/v 8, v0x154ebf0_0, 6;
    %ix/load 0, 1, 0;
    %mov 4, 0, 1;
    %shiftl/i0  8, 6;
    %set/v v0x154ebf0_0, 8, 6;
T_15.9 ;
T_15.5 ;
T_15.1 ;
    %jmp T_15;
    .thread T_15;
    .scope S_0x14fd810;
T_16 ;
    %wait E_0x15016f0;
    %set/v v0x154e590_0, 0, 1;
    %set/v v0x154e940_0, 0, 1;
    %load/v 8, v0x154ec90_0, 1;
    %jmp/0xz  T_16.0, 8;
    %set/v v0x154e590_0, 1, 1;
    %set/v v0x154e940_0, 1, 1;
T_16.0 ;
    %jmp T_16;
    .thread T_16, $push;
    .scope S_0x14fd810;
T_17 ;
    %wait E_0x1503a50;
    %set/v v0x154e3a0_0, 0, 1;
    %load/v 8, v0x154edb0_0, 1;
    %jmp/0xz  T_17.0, 8;
    %set/v v0x154e3a0_0, 1, 1;
T_17.0 ;
    %jmp T_17;
    .thread T_17, $push;
    .scope S_0x14fd810;
T_18 ;
    %wait E_0x1503020;
    %set/v v0x154e2e0_0, 0, 1;
    %set/v v0x154e8a0_0, 0, 1;
    %load/v 8, v0x154ee50_0, 1;
    %jmp/0xz  T_18.0, 8;
    %set/v v0x154e2e0_0, 1, 1;
    %set/v v0x154e8a0_0, 1, 1;
T_18.0 ;
    %jmp T_18;
    .thread T_18, $push;
    .scope S_0x14fd810;
T_19 ;
    %wait E_0x1500a20;
    %set/v v0x154e4e0_0, 0, 1;
    %set/v v0x154e940_0, 0, 1;
    %set/v v0x154e2e0_0, 0, 1;
    %set/v v0x154e710_0, 0, 1;
    %set/v v0x154e7b0_0, 0, 1;
    %set/v v0x154eae0_0, 0, 1;
    %set/v v0x154e630_0, 0, 1;
    %set/v v0x154ea40_0, 0, 1;
    %set/v v0x154e440_0, 0, 1;
    %load/v 8, v0x154f270_0, 4;
    %cmpi/u 8, 0, 4;
    %jmp/1 T_19.0, 6;
    %cmpi/u 8, 1, 4;
    %jmp/1 T_19.1, 6;
    %cmpi/u 8, 2, 4;
    %jmp/1 T_19.2, 6;
    %cmpi/u 8, 14, 4;
    %jmp/1 T_19.3, 6;
    %jmp T_19.4;
T_19.0 ;
    %load/v 8, v0x154ed10_0, 1;
    %jmp/0xz  T_19.5, 8;
    %set/v v0x154e4e0_0, 1, 1;
    %set/v v0x154e940_0, 1, 1;
    %jmp T_19.6;
T_19.5 ;
    %load/v 8, v0x154efa0_0, 1;
    %jmp/0xz  T_19.7, 8;
    %set/v v0x154e2e0_0, 1, 1;
    %set/v v0x154e710_0, 1, 1;
T_19.7 ;
T_19.6 ;
    %jmp T_19.4;
T_19.1 ;
    %load/v 8, v0x154ed10_0, 1;
    %jmp/0xz  T_19.9, 8;
    %set/v v0x154e4e0_0, 1, 1;
    %set/v v0x154e940_0, 1, 1;
    %set/v v0x154eae0_0, 0, 1;
    %jmp T_19.10;
T_19.9 ;
    %load/v 8, v0x154efa0_0, 1;
    %jmp/0xz  T_19.11, 8;
    %set/v v0x154e2e0_0, 1, 1;
    %set/v v0x154e7b0_0, 1, 1;
    %set/v v0x154eae0_0, 0, 1;
    %jmp T_19.12;
T_19.11 ;
    %load/v 8, v0x154f0c0_0, 1;
    %jmp/0xz  T_19.13, 8;
    %set/v v0x154e630_0, 1, 1;
    %set/v v0x154e710_0, 1, 1;
    %set/v v0x154eae0_0, 0, 1;
T_19.13 ;
T_19.12 ;
T_19.10 ;
    %jmp T_19.4;
T_19.2 ;
    %load/v 8, v0x154ed10_0, 1;
    %jmp/0xz  T_19.15, 8;
    %set/v v0x154e4e0_0, 1, 1;
    %set/v v0x154e940_0, 1, 1;
    %set/v v0x154eae0_0, 1, 1;
    %jmp T_19.16;
T_19.15 ;
    %load/v 8, v0x154efa0_0, 1;
    %jmp/0xz  T_19.17, 8;
    %set/v v0x154e2e0_0, 1, 1;
    %set/v v0x154e7b0_0, 1, 1;
    %set/v v0x154eae0_0, 1, 1;
    %jmp T_19.18;
T_19.17 ;
    %load/v 8, v0x154f0c0_0, 1;
    %jmp/0xz  T_19.19, 8;
    %set/v v0x154e630_0, 1, 1;
    %set/v v0x154e710_0, 1, 1;
    %set/v v0x154eae0_0, 1, 1;
T_19.19 ;
T_19.18 ;
T_19.16 ;
    %jmp T_19.4;
T_19.3 ;
    %load/v 8, v0x154ed10_0, 1;
    %jmp/0xz  T_19.21, 8;
    %set/v v0x154e440_0, 1, 1;
    %set/v v0x154ea40_0, 1, 1;
T_19.21 ;
    %jmp T_19.4;
T_19.4 ;
    %jmp T_19;
    .thread T_19, $push;
    .scope S_0x1502b90;
T_20 ;
    %set/v v0x15538e0_0, 1, 1;
    %movi 8, 9, 8;
    %force/v v0x154f650_0, 8, 8;
    %movi 16, 234, 8;
    %force/v v0x154f650_1, 16, 8;
    %movi 24, 26, 8;
    %force/v v0x154f650_2, 24, 8;
    %movi 32, 43, 8;
    %force/v v0x154f650_3, 32, 8;
    %movi 40, 234, 8;
    %force/v v0x154f650_4, 40, 8;
    %movi 48, 250, 8;
    %force/v v0x154f650_5, 48, 8;
    %movi 56, 170, 8;
    %force/v v0x154f650_6, 56, 8;
    %movi 64, 170, 8;
    %force/v v0x154f650_7, 64, 8;
    %movi 72, 170, 8;
    %force/v v0x154f650_8, 72, 8;
    %movi 80, 129, 8;
    %force/v v0x154f650_9, 80, 8;
    %movi 88, 16, 8;
    %force/v v0x154f650_10, 88, 8;
    %movi 96, 15, 8;
    %force/v v0x154f650_11, 96, 8;
    %movi 104, 170, 8;
    %force/v v0x154f650_12, 104, 8;
    %movi 112, 170, 8;
    %force/v v0x154f650_13, 112, 8;
    %movi 120, 170, 8;
    %force/v v0x154f650_14, 120, 8;
    %movi 128, 170, 8;
    %force/v v0x154f650_15, 128, 8;
    %delay 225, 0;
    %set/v v0x15538e0_0, 0, 1;
    %delay 5000, 0;
    %vpi_call 2 42 "$finish";
    %end;
    .thread T_20;
    .scope S_0x1502b90;
T_21 ;
    %vpi_call 2 49 "$dumpfile", "SAP.vcd";
    %vpi_call 2 50 "$dumpvars", 1'sb0, S_0x15038b0;
    %end;
    .thread T_21;
# The file index is used to find the file name in the following table.
:file_names 15;
    "N/A";
    "<interactive>";
    "tb.v";
    "./SAP.v";
    "./Accumulator.v";
    "./AdderSubtractor.v";
    "./BinaryDisplay.v";
    "./Bregister.v";
    "./InstructionRegister.v";
    "./MemoryAddressRegister.v";
    "./OutputRegister.v";
    "./ProgramCounter.v";
    "./Ram.v";
    "./Controller.v";
    "./ClockGen.v";
